android/build/outputs/logs/manifest-merger-release-report.txt
-- Merging decision tree log ---
manifest
ADDED from SpinRoad/android/AndroidManifest.xml:2:1-136:12
	package
		ADDED from SpinRoad/android/AndroidManifest.xml:3:5-38
		INJECTED from SpinRoad/android/AndroidManifest.xml
		INJECTED from SpinRoad/android/AndroidManifest.xml
	android:versionName
		ADDED from SpinRoad/android/AndroidManifest.xml:5:5-30
		INJECTED from SpinRoad/android/AndroidManifest.xml
		INJECTED from SpinRoad/android/AndroidManifest.xml
	android:versionCode
		ADDED from SpinRoad/android/AndroidManifest.xml:4:5-28
		INJECTED from SpinRoad/android/AndroidManifest.xml
		INJECTED from SpinRoad/android/AndroidManifest.xml
	xmlns:android
		ADDED from SpinRoad/android/AndroidManifest.xml:2:11-69
uses-permission#android.permission.INTERNET
ADDED from SpinRoad/android/AndroidManifest.xml:7:5-66
MERGED from [com.google.android.gms:play-services-ads-lite:11.0.2] AndroidManifest.xml:19:5-66
MERGED from [com.google.firebase:firebase-analytics:11.0.2] AndroidManifest.xml:20:5-66
MERGED from [com.google.firebase:firebase-analytics-impl:11.0.2] AndroidManifest.xml:20:5-66
MERGED from [com.google.firebase:firebase-iid:11.0.2] AndroidManifest.xml:20:5-66
	android:name
		ADDED from SpinRoad/android/AndroidManifest.xml:7:22-64
uses-permission#com.android.vending.BILLING
ADDED from SpinRoad/android/AndroidManifest.xml:8:5-67
	android:name
		ADDED from SpinRoad/android/AndroidManifest.xml:8:22-64
application
ADDED from SpinRoad/android/AndroidManifest.xml:10:5-134:19
MERGED from [com.android.support:design:25.3.1] AndroidManifest.xml:29:5-20
MERGED from [com.android.support:transition:25.3.1] AndroidManifest.xml:26:5-20
MERGED from [com.google.firebase:firebase-core:11.0.2] AndroidManifest.xml:5:5-20
MERGED from [com.google.firebase:firebase-ads:11.0.2] AndroidManifest.xml:5:5-20
MERGED from [com.google.android.gms:play-services-ads-lite:11.0.2] AndroidManifest.xml:23:5-26:19
MERGED from [com.google.android.gms:play-services-clearcut:11.0.2] AndroidManifest.xml:18:5-19
MERGED from [com.google.android.gms:play-services-gass:11.0.2] AndroidManifest.xml:4:5-19
MERGED from [com.google.android.gms:play-services-safetynet:11.0.2] AndroidManifest.xml:18:5-19
MERGED from [com.google.firebase:firebase-analytics:11.0.2] AndroidManifest.xml:24:5-34:19
MERGED from [com.google.firebase:firebase-analytics-impl:11.0.2] AndroidManifest.xml:24:5-28:19
MERGED from [com.google.firebase:firebase-iid:11.0.2] AndroidManifest.xml:28:5-49:19
MERGED from [com.google.firebase:firebase-auth:11.0.2] AndroidManifest.xml:19:5-20:19
MERGED from [com.google.android.gms:play-services-base:11.0.2] AndroidManifest.xml:18:5-20:19
MERGED from [com.google.firebase:firebase-common:11.0.2] AndroidManifest.xml:4:5-7:19
MERGED from [com.google.android.gms:play-services-tasks:11.0.2] AndroidManifest.xml:4:5-19
MERGED from [com.google.android.gms:play-services-basement:11.0.2] AndroidManifest.xml:19:5-21:19
MERGED from [com.facebook.android:facebook-android-sdk:4.24.0] AndroidManifest.xml:28:5-48:19
MERGED from [com.android.support:appcompat-v7:25.3.1] AndroidManifest.xml:29:5-20
MERGED from [com.android.support:support-v4:25.3.1] AndroidManifest.xml:29:5-20
MERGED from [com.android.support:support-fragment:25.3.1] AndroidManifest.xml:29:5-20
MERGED from [com.android.support:support-media-compat:25.3.1] AndroidManifest.xml:29:5-20
MERGED from [com.android.support:support-core-ui:25.3.1] AndroidManifest.xml:29:5-20
MERGED from [com.android.support:support-core-utils:25.3.1] AndroidManifest.xml:29:5-20
MERGED from [com.android.support:animated-vector-drawable:25.3.1] AndroidManifest.xml:26:5-20
MERGED from [com.android.support:support-vector-drawable:25.3.1] AndroidManifest.xml:26:5-20
MERGED from [com.android.support:cardview-v7:25.3.1] AndroidManifest.xml:26:5-20
MERGED from [com.android.support:customtabs:25.3.1] AndroidManifest.xml:26:5-20
MERGED from [com.android.support:support-compat:25.3.1] AndroidManifest.xml:29:5-20
MERGED from [com.crashlytics.sdk.android:answers-shim:0.0.6] AndroidManifest.xml:11:5-20
	android:label
		ADDED from SpinRoad/android/AndroidManifest.xml:13:9-41
	android:allowBackup
		ADDED from SpinRoad/android/AndroidManifest.xml:11:9-35
	android:icon
		ADDED from SpinRoad/android/AndroidManifest.xml:12:9-45
	android:theme
		ADDED from SpinRoad/android/AndroidManifest.xml:15:9-40
	android:name
		ADDED from SpinRoad/android/AndroidManifest.xml:14:9-33
activity#com.leaddealer.spinroad.MainActivity
ADDED from SpinRoad/android/AndroidManifest.xml:17:9-43:20
	android:screenOrientation
		ADDED from SpinRoad/android/AndroidManifest.xml:20:13-49
	android:label
		ADDED from SpinRoad/android/AndroidManifest.xml:19:13-45
	android:launchMode
		ADDED from SpinRoad/android/AndroidManifest.xml:21:13-44
	android:configChanges
		ADDED from SpinRoad/android/AndroidManifest.xml:22:13-83
	android:name
		ADDED from SpinRoad/android/AndroidManifest.xml:18:13-41
intent-filter#android.intent.action.MAIN+android.intent.category.LAUNCHER
ADDED from SpinRoad/android/AndroidManifest.xml:23:13-26:29
action#android.intent.action.MAIN
ADDED from SpinRoad/android/AndroidManifest.xml:24:17-69
	android:name
		ADDED from SpinRoad/android/AndroidManifest.xml:24:25-66
category#android.intent.category.LAUNCHER
ADDED from SpinRoad/android/AndroidManifest.xml:25:17-77
	android:name
		ADDED from SpinRoad/android/AndroidManifest.xml:25:27-74
intent-filter#android.intent.action.VIEW+android.intent.category.BROWSABLE+android.intent.category.DEFAULT
ADDED from SpinRoad/android/AndroidManifest.xml:29:13-34:29
data
ADDED from SpinRoad/android/AndroidManifest.xml:30:17-72
	android:host
		ADDED from SpinRoad/android/AndroidManifest.xml:30:50-69
	android:scheme
		ADDED from SpinRoad/android/AndroidManifest.xml:30:23-49
action#android.intent.action.VIEW
ADDED from SpinRoad/android/AndroidManifest.xml:31:17-69
	android:name
		ADDED from SpinRoad/android/AndroidManifest.xml:31:25-66
category#android.intent.category.DEFAULT
ADDED from SpinRoad/android/AndroidManifest.xml:32:17-76
	android:name
		ADDED from SpinRoad/android/AndroidManifest.xml:32:27-73
category#android.intent.category.BROWSABLE
ADDED from SpinRoad/android/AndroidManifest.xml:33:17-78
	android:name
		ADDED from SpinRoad/android/AndroidManifest.xml:33:27-75
meta-data#io.branch.sdk.BranchKey
ADDED from SpinRoad/android/AndroidManifest.xml:46:9-119
	android:value
		ADDED from SpinRoad/android/AndroidManifest.xml:46:59-116
	android:name
		ADDED from SpinRoad/android/AndroidManifest.xml:46:20-58
meta-data#io.branch.sdk.BranchKey.test
ADDED from SpinRoad/android/AndroidManifest.xml:47:9-124
	android:value
		ADDED from SpinRoad/android/AndroidManifest.xml:47:64-121
	android:name
		ADDED from SpinRoad/android/AndroidManifest.xml:47:20-63
meta-data#io.branch.sdk.TestMode
ADDED from SpinRoad/android/AndroidManifest.xml:50:9-82
	android:value
		ADDED from SpinRoad/android/AndroidManifest.xml:50:58-79
	android:name
		ADDED from SpinRoad/android/AndroidManifest.xml:50:20-57
receiver#io.branch.referral.InstallListener
ADDED from SpinRoad/android/AndroidManifest.xml:53:9-57:20
	android:exported
		ADDED from SpinRoad/android/AndroidManifest.xml:53:69-92
	android:name
		ADDED from SpinRoad/android/AndroidManifest.xml:53:19-68
intent-filter#com.android.vending.INSTALL_REFERRER
ADDED from SpinRoad/android/AndroidManifest.xml:54:13-56:29
action#com.android.vending.INSTALL_REFERRER
ADDED from SpinRoad/android/AndroidManifest.xml:55:17-79
	android:name
		ADDED from SpinRoad/android/AndroidManifest.xml:55:25-76
activity#com.leaddealer.spinroad.activities.FinalScreenActivity
ADDED from SpinRoad/android/AndroidManifest.xml:59:9-65:20
	android:screenOrientation
		ADDED from SpinRoad/android/AndroidManifest.xml:62:13-49
	android:label
		ADDED from SpinRoad/android/AndroidManifest.xml:61:13-45
	android:configChanges
		ADDED from SpinRoad/android/AndroidManifest.xml:63:13-83
	android:theme
		ADDED from SpinRoad/android/AndroidManifest.xml:64:13-71
	android:name
		ADDED from SpinRoad/android/AndroidManifest.xml:60:13-59
activity#com.leaddealer.spinroad.activities.ShopActivity
ADDED from SpinRoad/android/AndroidManifest.xml:67:9-73:20
	android:screenOrientation
		ADDED from SpinRoad/android/AndroidManifest.xml:70:13-49
	android:label
		ADDED from SpinRoad/android/AndroidManifest.xml:69:13-45
	android:configChanges
		ADDED from SpinRoad/android/AndroidManifest.xml:71:13-83
	android:theme
		ADDED from SpinRoad/android/AndroidManifest.xml:72:13-71
	android:name
		ADDED from SpinRoad/android/AndroidManifest.xml:68:13-52
activity#com.leaddealer.spinroad.activities.SpinnersActivity
ADDED from SpinRoad/android/AndroidManifest.xml:75:9-81:20
	android:screenOrientation
		ADDED from SpinRoad/android/AndroidManifest.xml:78:13-49
	android:label
		ADDED from SpinRoad/android/AndroidManifest.xml:77:13-45
	android:configChanges
		ADDED from SpinRoad/android/AndroidManifest.xml:79:13-83
	android:theme
		ADDED from SpinRoad/android/AndroidManifest.xml:80:13-71
	android:name
		ADDED from SpinRoad/android/AndroidManifest.xml:76:13-56
activity#com.leaddealer.spinroad.activities.BackgroundActivity
ADDED from SpinRoad/android/AndroidManifest.xml:83:9-89:20
	android:screenOrientation
		ADDED from SpinRoad/android/AndroidManifest.xml:86:13-49
	android:label
		ADDED from SpinRoad/android/AndroidManifest.xml:85:13-45
	android:configChanges
		ADDED from SpinRoad/android/AndroidManifest.xml:87:13-83
	android:theme
		ADDED from SpinRoad/android/AndroidManifest.xml:88:13-71
	android:name
		ADDED from SpinRoad/android/AndroidManifest.xml:84:13-58
activity#com.leaddealer.spinroad.activities.ShieldsActivity
ADDED from SpinRoad/android/AndroidManifest.xml:91:9-97:20
	android:screenOrientation
		ADDED from SpinRoad/android/AndroidManifest.xml:94:13-49
	android:label
		ADDED from SpinRoad/android/AndroidManifest.xml:93:13-45
	android:configChanges
		ADDED from SpinRoad/android/AndroidManifest.xml:95:13-83
	android:theme
		ADDED from SpinRoad/android/AndroidManifest.xml:96:13-71
	android:name
		ADDED from SpinRoad/android/AndroidManifest.xml:92:13-55
activity#com.leaddealer.spinroad.activities.VapesActivity
ADDED from SpinRoad/android/AndroidManifest.xml:99:9-105:20
	android:screenOrientation
		ADDED from SpinRoad/android/AndroidManifest.xml:102:13-49
	android:label
		ADDED from SpinRoad/android/AndroidManifest.xml:101:13-45
	android:configChanges
		ADDED from SpinRoad/android/AndroidManifest.xml:103:13-83
	android:theme
		ADDED from SpinRoad/android/AndroidManifest.xml:104:13-71
	android:name
		ADDED from SpinRoad/android/AndroidManifest.xml:100:13-53
activity#com.leaddealer.spinroad.activities.HighscoreActivity
ADDED from SpinRoad/android/AndroidManifest.xml:107:9-113:20
	android:screenOrientation
		ADDED from SpinRoad/android/AndroidManifest.xml:110:13-49
	android:label
		ADDED from SpinRoad/android/AndroidManifest.xml:109:13-45
	android:configChanges
		ADDED from SpinRoad/android/AndroidManifest.xml:111:13-83
	android:theme
		ADDED from SpinRoad/android/AndroidManifest.xml:112:13-71
	android:name
		ADDED from SpinRoad/android/AndroidManifest.xml:108:13-57
meta-data#com.facebook.sdk.ApplicationId
ADDED from SpinRoad/android/AndroidManifest.xml:115:9-107
	android:value
		ADDED from SpinRoad/android/AndroidManifest.xml:115:66-105
	android:name
		ADDED from SpinRoad/android/AndroidManifest.xml:115:20-65
activity#com.facebook.FacebookActivity
ADDED from SpinRoad/android/AndroidManifest.xml:119:9-122:54
MERGED from [com.facebook.android:facebook-android-sdk:4.24.0] AndroidManifest.xml:29:9-32:66
	android:label
		ADDED from SpinRoad/android/AndroidManifest.xml:122:19-51
	android:configChanges
		ADDED from SpinRoad/android/AndroidManifest.xml:120:19-125
	android:theme
		ADDED from [com.facebook.android:facebook-android-sdk:4.24.0] AndroidManifest.xml:32:13-63
	android:name
		ADDED from SpinRoad/android/AndroidManifest.xml:119:19-63
activity#com.facebook.CustomTabActivity
ADDED from SpinRoad/android/AndroidManifest.xml:124:9-133:20
	android:exported
		ADDED from SpinRoad/android/AndroidManifest.xml:126:13-36
	android:name
		ADDED from SpinRoad/android/AndroidManifest.xml:125:13-58
uses-sdk
INJECTED from SpinRoad/android/AndroidManifest.xml reason: use-sdk injection requested
MERGED from [com.android.support:design:25.3.1] AndroidManifest.xml:21:5-23:62
MERGED from [com.android.support:recyclerview-v7:25.3.1] AndroidManifest.xml:20:5-43
MERGED from [com.android.support:transition:25.3.1] AndroidManifest.xml:20:5-44
MERGED from [com.google.firebase:firebase-core:11.0.2] AndroidManifest.xml:4:5-43
MERGED from [com.google.firebase:firebase-ads:11.0.2] AndroidManifest.xml:4:5-43
MERGED from [com.google.android.gms:play-services-ads:11.0.2] AndroidManifest.xml:17:5-43
MERGED from [com.google.android.gms:play-services-ads-lite:11.0.2] AndroidManifest.xml:22:5-43
MERGED from [com.google.android.gms:play-services-clearcut:11.0.2] AndroidManifest.xml:17:5-43
MERGED from [com.google.android.gms:play-services-gass:11.0.2] AndroidManifest.xml:3:5-43
MERGED from [com.google.android.gms:play-services-safetynet:11.0.2] AndroidManifest.xml:17:5-43
MERGED from [com.google.firebase:firebase-analytics:11.0.2] AndroidManifest.xml:17:5-43
MERGED from [com.google.firebase:firebase-analytics-impl:11.0.2] AndroidManifest.xml:17:5-43
MERGED from [com.google.firebase:firebase-iid:11.0.2] AndroidManifest.xml:17:5-43
MERGED from [com.google.firebase:firebase-auth:11.0.2] AndroidManifest.xml:17:5-43
MERGED from [com.google.android.gms:play-services-base:11.0.2] AndroidManifest.xml:17:5-43
MERGED from [com.google.firebase:firebase-database:11.0.2] AndroidManifest.xml:3:5-43
MERGED from [com.google.firebase:firebase-database-connection:11.0.2] AndroidManifest.xml:3:5-43
MERGED from [com.google.firebase:firebase-common:11.0.2] AndroidManifest.xml:3:5-43
MERGED from [com.google.android.gms:play-services-tasks:11.0.2] AndroidManifest.xml:3:5-43
MERGED from [com.google.android.gms:play-services-basement:11.0.2] AndroidManifest.xml:17:5-43
MERGED from [com.github.ybq:Android-SpinKit:1.1.0] AndroidManifest.xml:6:5-8:41
MERGED from [com.facebook.android:facebook-android-sdk:4.24.0] AndroidManifest.xml:24:5-26:41
MERGED from [com.android.support:appcompat-v7:25.3.1] AndroidManifest.xml:21:5-23:78
MERGED from [com.android.support:support-v4:25.3.1] AndroidManifest.xml:21:5-23:54
MERGED from [com.android.support:support-fragment:25.3.1] AndroidManifest.xml:21:5-23:60
MERGED from [com.android.support:support-media-compat:25.3.1] AndroidManifest.xml:21:5-23:63
MERGED from [com.android.support:support-core-ui:25.3.1] AndroidManifest.xml:21:5-23:58
MERGED from [com.android.support:support-core-utils:25.3.1] AndroidManifest.xml:21:5-23:61
MERGED from [com.android.support:animated-vector-drawable:25.3.1] AndroidManifest.xml:20:5-44
MERGED from [com.android.support:support-vector-drawable:25.3.1] AndroidManifest.xml:20:5-43
MERGED from [com.android.support:cardview-v7:25.3.1] AndroidManifest.xml:20:5-43
MERGED from [com.android.support:customtabs:25.3.1] AndroidManifest.xml:20:5-44
MERGED from [com.android.support:support-compat:25.3.1] AndroidManifest.xml:21:5-23:58
MERGED from [io.branch.sdk.android:library:2.10.2] AndroidManifest.xml:7:5-9:41
MERGED from [com.crashlytics.sdk.android:answers-shim:0.0.6] AndroidManifest.xml:7:5-9:41
	tools:overrideLibrary
		ADDED from [com.android.support:design:25.3.1] AndroidManifest.xml:23:9-59
	android:targetSdkVersion
		INJECTED from SpinRoad/android/AndroidManifest.xml
		INJECTED from SpinRoad/android/AndroidManifest.xml
	android:minSdkVersion
		INJECTED from SpinRoad/android/AndroidManifest.xml
		INJECTED from SpinRoad/android/AndroidManifest.xml
meta-data#android.support.VERSION
ADDED from [com.android.support:design:25.3.1] AndroidManifest.xml:25:5-27:34
MERGED from [com.android.support:recyclerview-v7:25.3.1] AndroidManifest.xml:22:5-24:34
MERGED from [com.android.support:transition:25.3.1] AndroidManifest.xml:22:5-24:34
MERGED from [com.android.support:appcompat-v7:25.3.1] AndroidManifest.xml:25:5-27:34
MERGED from [com.android.support:support-v4:25.3.1] AndroidManifest.xml:25:5-27:34
MERGED from [com.android.support:support-fragment:25.3.1] AndroidManifest.xml:25:5-27:34
MERGED from [com.android.support:support-media-compat:25.3.1] AndroidManifest.xml:25:5-27:34
MERGED from [com.android.support:support-core-ui:25.3.1] AndroidManifest.xml:25:5-27:34
MERGED from [com.android.support:support-core-utils:25.3.1] AndroidManifest.xml:25:5-27:34
MERGED from [com.android.support:animated-vector-drawable:25.3.1] AndroidManifest.xml:22:5-24:34
MERGED from [com.android.support:support-vector-drawable:25.3.1] AndroidManifest.xml:22:5-24:34
MERGED from [com.android.support:cardview-v7:25.3.1] AndroidManifest.xml:22:5-24:34
MERGED from [com.android.support:customtabs:25.3.1] AndroidManifest.xml:22:5-24:34
MERGED from [com.android.support:support-compat:25.3.1] AndroidManifest.xml:25:5-27:34
	android:value
		ADDED from [com.android.support:design:25.3.1] AndroidManifest.xml:27:9-31
	android:name
		ADDED from [com.android.support:design:25.3.1] AndroidManifest.xml:26:9-47
uses-permission#android.permission.ACCESS_NETWORK_STATE
ADDED from [com.google.android.gms:play-services-ads-lite:11.0.2] AndroidManifest.xml:20:5-78
MERGED from [com.google.firebase:firebase-analytics:11.0.2] AndroidManifest.xml:21:5-78
MERGED from [com.google.firebase:firebase-analytics-impl:11.0.2] AndroidManifest.xml:21:5-78
MERGED from [com.google.firebase:firebase-iid:11.0.2] AndroidManifest.xml:19:5-78
	android:name
		ADDED from [com.google.android.gms:play-services-ads-lite:11.0.2] AndroidManifest.xml:20:22-76
activity#com.google.android.gms.ads.AdActivity
ADDED from [com.google.android.gms:play-services-ads-lite:11.0.2] AndroidManifest.xml:25:9-232
	android:configChanges
		ADDED from [com.google.android.gms:play-services-ads-lite:11.0.2] AndroidManifest.xml:25:72-181
	android:theme
		ADDED from [com.google.android.gms:play-services-ads-lite:11.0.2] AndroidManifest.xml:25:182-230
	android:name
		ADDED from [com.google.android.gms:play-services-ads-lite:11.0.2] AndroidManifest.xml:25:19-71
uses-permission#android.permission.WAKE_LOCK
ADDED from [com.google.firebase:firebase-analytics:11.0.2] AndroidManifest.xml:22:5-67
MERGED from [com.google.firebase:firebase-analytics-impl:11.0.2] AndroidManifest.xml:22:5-67
MERGED from [com.google.firebase:firebase-iid:11.0.2] AndroidManifest.xml:21:5-67
	android:name
		ADDED from [com.google.firebase:firebase-analytics:11.0.2] AndroidManifest.xml:22:22-65
receiver#com.google.android.gms.measurement.AppMeasurementReceiver
ADDED from [com.google.firebase:firebase-analytics:11.0.2] AndroidManifest.xml:25:7-26:18
MERGED from [com.google.firebase:firebase-analytics-impl:11.0.2] AndroidManifest.xml:25:7-26:18
	android:enabled
		ADDED from [com.google.firebase:firebase-analytics:11.0.2] AndroidManifest.xml:25:90-112
	android:exported
		ADDED from [com.google.firebase:firebase-analytics:11.0.2] AndroidManifest.xml:25:113-137
	android:name
		ADDED from [com.google.firebase:firebase-analytics:11.0.2] AndroidManifest.xml:25:17-89
receiver#com.google.android.gms.measurement.AppMeasurementInstallReferrerReceiver
ADDED from [com.google.firebase:firebase-analytics:11.0.2] AndroidManifest.xml:27:7-31:18
	android:enabled
		ADDED from [com.google.firebase:firebase-analytics:11.0.2] AndroidManifest.xml:27:162-184
	android:exported
		ADDED from [com.google.firebase:firebase-analytics:11.0.2] AndroidManifest.xml:27:185-208
	android:permission
		ADDED from [com.google.firebase:firebase-analytics:11.0.2] AndroidManifest.xml:27:105-161
	android:name
		ADDED from [com.google.firebase:firebase-analytics:11.0.2] AndroidManifest.xml:27:17-104
service#com.google.android.gms.measurement.AppMeasurementService
ADDED from [com.google.firebase:firebase-analytics:11.0.2] AndroidManifest.xml:32:7-137
MERGED from [com.google.firebase:firebase-analytics-impl:11.0.2] AndroidManifest.xml:27:7-137
	android:enabled
		ADDED from [com.google.firebase:firebase-analytics:11.0.2] AndroidManifest.xml:32:88-110
	android:exported
		ADDED from [com.google.firebase:firebase-analytics:11.0.2] AndroidManifest.xml:32:111-135
	android:name
		ADDED from [com.google.firebase:firebase-analytics:11.0.2] AndroidManifest.xml:32:16-87
service#com.google.android.gms.measurement.AppMeasurementJobService
ADDED from [com.google.firebase:firebase-analytics:11.0.2] AndroidManifest.xml:33:7-197
	android:enabled
		ADDED from [com.google.firebase:firebase-analytics:11.0.2] AndroidManifest.xml:33:148-170
	android:exported
		ADDED from [com.google.firebase:firebase-analytics:11.0.2] AndroidManifest.xml:33:171-195
	android:permission
		ADDED from [com.google.firebase:firebase-analytics:11.0.2] AndroidManifest.xml:33:91-147
	android:name
		ADDED from [com.google.firebase:firebase-analytics:11.0.2] AndroidManifest.xml:33:16-90
uses-permission#com.google.android.c2dm.permission.RECEIVE
ADDED from [com.google.firebase:firebase-iid:11.0.2] AndroidManifest.xml:22:5-81
	android:name
		ADDED from [com.google.firebase:firebase-iid:11.0.2] AndroidManifest.xml:22:22-79
permission#${applicationId}.permission.C2D_MESSAGE
ADDED from [com.google.firebase:firebase-iid:11.0.2] AndroidManifest.xml:24:5-109
	android:protectionLevel
		ADDED from [com.google.firebase:firebase-iid:11.0.2] AndroidManifest.xml:24:72-107
	android:name
		ADDED from [com.google.firebase:firebase-iid:11.0.2] AndroidManifest.xml:24:17-71
uses-permission#${applicationId}.permission.C2D_MESSAGE
ADDED from [com.google.firebase:firebase-iid:11.0.2] AndroidManifest.xml:26:5-78
	android:name
		ADDED from [com.google.firebase:firebase-iid:11.0.2] AndroidManifest.xml:26:22-76
receiver#com.google.firebase.iid.FirebaseInstanceIdReceiver
ADDED from [com.google.firebase:firebase-iid:11.0.2] AndroidManifest.xml:30:9-35:20
	android:exported
		ADDED from [com.google.firebase:firebase-iid:11.0.2] AndroidManifest.xml:30:85-108
	android:permission
		ADDED from [com.google.firebase:firebase-iid:11.0.2] AndroidManifest.xml:30:109-169
	android:name
		ADDED from [com.google.firebase:firebase-iid:11.0.2] AndroidManifest.xml:30:19-84
intent-filter#${applicationId}+com.google.android.c2dm.intent.RECEIVE
ADDED from [com.google.firebase:firebase-iid:11.0.2] AndroidManifest.xml:31:13-34:29
action#com.google.android.c2dm.intent.RECEIVE
ADDED from [com.google.firebase:firebase-iid:11.0.2] AndroidManifest.xml:32:17-80
	android:name
		ADDED from [com.google.firebase:firebase-iid:11.0.2] AndroidManifest.xml:32:25-78
category#${applicationId}
ADDED from [com.google.firebase:firebase-iid:11.0.2] AndroidManifest.xml:33:17-60
	android:name
		ADDED from [com.google.firebase:firebase-iid:11.0.2] AndroidManifest.xml:33:27-58
receiver#com.google.firebase.iid.FirebaseInstanceIdInternalReceiver
ADDED from [com.google.firebase:firebase-iid:11.0.2] AndroidManifest.xml:39:9-119
	android:exported
		ADDED from [com.google.firebase:firebase-iid:11.0.2] AndroidManifest.xml:39:93-117
	android:name
		ADDED from [com.google.firebase:firebase-iid:11.0.2] AndroidManifest.xml:39:19-92
service#com.google.firebase.iid.FirebaseInstanceIdService
ADDED from [com.google.firebase:firebase-iid:11.0.2] AndroidManifest.xml:43:9-47:19
	android:exported
		ADDED from [com.google.firebase:firebase-iid:11.0.2] AndroidManifest.xml:43:83-106
	android:name
		ADDED from [com.google.firebase:firebase-iid:11.0.2] AndroidManifest.xml:43:18-82
intent-filter#com.google.firebase.INSTANCE_ID_EVENT
ADDED from [com.google.firebase:firebase-iid:11.0.2] AndroidManifest.xml:44:13-46:29
	android:priority
		ADDED from [com.google.firebase:firebase-iid:11.0.2] AndroidManifest.xml:44:28-51
action#com.google.firebase.INSTANCE_ID_EVENT
ADDED from [com.google.firebase:firebase-iid:11.0.2] AndroidManifest.xml:45:17-79
	android:name
		ADDED from [com.google.firebase:firebase-iid:11.0.2] AndroidManifest.xml:45:25-77
activity#com.google.android.gms.common.api.GoogleApiActivity
ADDED from [com.google.android.gms:play-services-base:11.0.2] AndroidManifest.xml:19:9-172
	android:exported
		ADDED from [com.google.android.gms:play-services-base:11.0.2] AndroidManifest.xml:19:146-170
	android:theme
		ADDED from [com.google.android.gms:play-services-base:11.0.2] AndroidManifest.xml:19:86-145
	android:name
		ADDED from [com.google.android.gms:play-services-base:11.0.2] AndroidManifest.xml:19:19-85
provider#com.google.firebase.provider.FirebaseInitProvider
ADDED from [com.google.firebase:firebase-common:11.0.2] AndroidManifest.xml:6:9-194
	android:authorities
		ADDED from [com.google.firebase:firebase-common:11.0.2] AndroidManifest.xml:6:19-78
	android:exported
		ADDED from [com.google.firebase:firebase-common:11.0.2] AndroidManifest.xml:6:144-168
	android:initOrder
		ADDED from [com.google.firebase:firebase-common:11.0.2] AndroidManifest.xml:6:169-192
	android:name
		ADDED from [com.google.firebase:firebase-common:11.0.2] AndroidManifest.xml:6:79-143
meta-data#com.google.android.gms.version
ADDED from [com.google.android.gms:play-services-basement:11.0.2] AndroidManifest.xml:20:9-121
	android:value
		ADDED from [com.google.android.gms:play-services-basement:11.0.2] AndroidManifest.xml:20:66-119
	android:name
		ADDED from [com.google.android.gms:play-services-basement:11.0.2] AndroidManifest.xml:20:20-65
activity#com.facebook.CustomTabMainActivity
ADDED from [com.facebook.android:facebook-android-sdk:4.24.0] AndroidManifest.xml:33:9-71
	android:name
		ADDED from [com.facebook.android:facebook-android-sdk:4.24.0] AndroidManifest.xml:33:19-68
provider#com.facebook.internal.FacebookInitProvider
ADDED from [com.facebook.android:facebook-android-sdk:4.24.0] AndroidManifest.xml:44:9-47:40
	android:authorities
		ADDED from [com.facebook.android:facebook-android-sdk:4.24.0] AndroidManifest.xml:46:13-72
	android:exported
		ADDED from [com.facebook.android:facebook-android-sdk:4.24.0] AndroidManifest.xml:47:13-37
	android:name
		ADDED from [com.facebook.android:facebook-android-sdk:4.24.0] AndroidManifest.xml:45:13-70